w:\windows-classic-samples-master\samples\cloudmirror\release\cloudmirror.exe
w:\windows-classic-samples-master\samples\cloudmirror\release\cloudmirror.pdb
w:\windows-classic-samples-master\samples\cloudmirror\cloudmirror\release\unmerged\customstateprovider.winmd
w:\windows-classic-samples-master\samples\cloudmirror\cloudmirror\release\unmerged\urisource.winmd
w:\windows-classic-samples-master\samples\cloudmirror\cloudmirror\release\cloudmirror.pch
w:\windows-classic-samples-master\samples\cloudmirror\cloudmirror\release\vc142.pdb
w:\windows-classic-samples-master\samples\cloudmirror\cloudmirror\release\stdafx.obj
w:\windows-classic-samples-master\samples\cloudmirror\cloudmirror\release\utilities.obj
w:\windows-classic-samples-master\samples\cloudmirror\cloudmirror\release\urisource.obj
w:\windows-classic-samples-master\samples\cloudmirror\cloudmirror\release\thumbnailprovider.obj
w:\windows-classic-samples-master\samples\cloudmirror\cloudmirror\release\shellservices.obj
w:\windows-classic-samples-master\samples\cloudmirror\cloudmirror\release\providerfolderlocations.obj
w:\windows-classic-samples-master\samples\cloudmirror\cloudmirror\release\placeholders.obj
w:\windows-classic-samples-master\samples\cloudmirror\cloudmirror\release\mirror.obj
w:\windows-classic-samples-master\samples\cloudmirror\cloudmirror\release\filecopierwithprogress.obj
w:\windows-classic-samples-master\samples\cloudmirror\cloudmirror\release\fakecloudprovider.obj
w:\windows-classic-samples-master\samples\cloudmirror\cloudmirror\release\directorywatcher.obj
w:\windows-classic-samples-master\samples\cloudmirror\cloudmirror\release\customstateprovider.obj
w:\windows-classic-samples-master\samples\cloudmirror\cloudmirror\release\contextmenus.obj
w:\windows-classic-samples-master\samples\cloudmirror\cloudmirror\release\cloudprovidersyncrootwatcher.obj
w:\windows-classic-samples-master\samples\cloudmirror\cloudmirror\release\cloudproviderregistrar.obj
w:\windows-classic-samples-master\samples\cloudmirror\release\cloudmirror.ipdb
w:\windows-classic-samples-master\samples\cloudmirror\release\cloudmirror.iobj
w:\windows-classic-samples-master\samples\cloudmirror\cloudmirror\release\cloudmirror.tlog\link.read.1.tlog
w:\windows-classic-samples-master\samples\cloudmirror\cloudmirror\release\cloudmirror.tlog\link.command.1.tlog
w:\windows-classic-samples-master\samples\cloudmirror\cloudmirror\release\cloudmirror.tlog\link.write.1.tlog
w:\windows-classic-samples-master\samples\cloudmirror\cloudmirror\release\cloudmirror.tlog\midl-midlrt.write.1.tlog
w:\windows-classic-samples-master\samples\cloudmirror\cloudmirror\release\cloudmirror.tlog\midl-midlrt-cl.1628.read.1.tlog
w:\windows-classic-samples-master\samples\cloudmirror\cloudmirror\release\cloudmirror.tlog\cl.read.1.tlog
w:\windows-classic-samples-master\samples\cloudmirror\cloudmirror\release\cloudmirror.tlog\cl.command.1.tlog
w:\windows-classic-samples-master\samples\cloudmirror\cloudmirror\release\cloudmirror.tlog\cl.write.1.tlog
w:\windows-classic-samples-master\samples\cloudmirror\cloudmirror\release\cloudmirror.tlog\cloudmirror.write.1u.tlog
w:\windows-classic-samples-master\samples\cloudmirror\cloudmirror\release\cloudmirror.tlog\midl.command.1.tlog
