\\mac\windowsshared\vccloudmirror\debug\cloudmirror.ilk
\\mac\windowsshared\vccloudmirror\debug\cloudmirror.exe
\\mac\windowsshared\vccloudmirror\debug\cloudmirror.pdb
\\mac\windowsshared\vccloudmirror\cloudmirror\debug\unmerged\customstateprovider.winmd
\\mac\windowsshared\vccloudmirror\cloudmirror\nul
\\mac\windowsshared\vccloudmirror\cloudmirror\debug\unmerged\urisource.winmd
\\mac\windowsshared\vccloudmirror\cloudmirror\debug\cloudmirror.pch
\\mac\windowsshared\vccloudmirror\cloudmirror\debug\vc142.pdb
\\mac\windowsshared\vccloudmirror\cloudmirror\debug\vc142.idb
\\mac\windowsshared\vccloudmirror\cloudmirror\debug\stdafx.obj
\\mac\windowsshared\vccloudmirror\cloudmirror\debug\utilities.obj
\\mac\windowsshared\vccloudmirror\cloudmirror\debug\urisource.obj
\\mac\windowsshared\vccloudmirror\cloudmirror\debug\thumbnailprovider.obj
\\mac\windowsshared\vccloudmirror\cloudmirror\debug\mirror.obj
\\mac\windowsshared\vccloudmirror\cloudmirror\debug\shellservices.obj
\\mac\windowsshared\vccloudmirror\cloudmirror\debug\cloudproviderregistrar.obj
\\mac\windowsshared\vccloudmirror\cloudmirror\debug\placeholders.obj
\\mac\windowsshared\vccloudmirror\cloudmirror\debug\providerfolderlocations.obj
\\mac\windowsshared\vccloudmirror\cloudmirror\debug\filecopierwithprogress.obj
\\mac\windowsshared\vccloudmirror\cloudmirror\debug\cloudprovidersyncrootwatcher.obj
\\mac\windowsshared\vccloudmirror\cloudmirror\debug\fakecloudprovider.obj
\\mac\windowsshared\vccloudmirror\cloudmirror\debug\directorywatcher.obj
\\mac\windowsshared\vccloudmirror\cloudmirror\debug\customstateprovider.obj
\\mac\windowsshared\vccloudmirror\cloudmirror\debug\contextmenus.obj
\\mac\windowsshared\vccloudmirror\cloudmirror\debug\cloudmirror.tlog\link.read.1.tlog
\\mac\windowsshared\vccloudmirror\cloudmirror\debug\cloudmirror.tlog\link.command.1.tlog
\\mac\windowsshared\vccloudmirror\cloudmirror\debug\cloudmirror.tlog\link.write.1.tlog
\\mac\windowsshared\vccloudmirror\cloudmirror\debug\cloudmirror.tlog\midl-midlrt.write.1.tlog
\\mac\windowsshared\vccloudmirror\cloudmirror\debug\cloudmirror.tlog\cl.read.1.tlog
\\mac\windowsshared\vccloudmirror\cloudmirror\debug\cloudmirror.tlog\midl-midlrt-cl.7344.read.1.tlog
\\mac\windowsshared\vccloudmirror\cloudmirror\debug\cloudmirror.tlog\cl.command.1.tlog
\\mac\windowsshared\vccloudmirror\cloudmirror\debug\cloudmirror.tlog\cl.write.1.tlog
\\mac\windowsshared\vccloudmirror\cloudmirror\debug\cloudmirror.tlog\midl.command.1.tlog
